2020-05-26 14:38:41 - MOD: Modification Default

FILE: system/engine/action.php
REGEX: ~(require|include)(_once)?\(([^)]+)~
LINE: 69

FILE: system/engine/loader.php
REGEX: ~(require|include)(_once)?\(([^)]+)~
LINE: 77
LINE: 151
LINE: 168

FILE: system/library/config.php
REGEX: ~(require|include)(_once)?\(([^)]+)~
LINE: 59

FILE: system/library/language.php
REGEX: ~(require|include)(_once)?\(([^)]+)~
LINE: 67
LINE: 73

FILE: system/library/template/template.php
REGEX: ~(require|include)(_once)?\(([^)]+)~
LINE: 18

FILE: system/library/template/twig.php
CODE: $loader = new \Twig_Loader_Filesystem(DIR_TEMPLATE);
LINE: 19
----------------------------------------------------------------
MOD: Journal

FILE: system/engine/router.php
CODE: while
LINE: 101

FILE: catalog/controller/startup/startup.php
CODE: $languages = $this->model_localisation_language->getLanguages();
LINE: 50
CODE: self::$IS_JOURNAL = $config->get('config_template') === 'journal2' || $config->get('theme_default_directory') === 'journal2';
NOT FOUND - OPERATIONS ABORTED!

FILE: catalog/controller/event/theme.php
CODE: if (is_file(DIR_TEMPLATE . $theme . '/template/' . $view . '.tpl')) {
NOT FOUND - OPERATIONS ABORTED!

FILE: admin/controller/setting/setting.php
CODE: $theme = basename($this->request->get['theme']);
LINE: 977

FILE: catalog/controller/common/maintenance.php
CODE: $data['header'] = $this->load->controller('common/header');
LINE: 24
CODE: $data['footer'] = $this->load->controller('common/footer');
LINE: 25
CODE: $data['heading_title'] = $this->language->get('heading_title');
NOT FOUND - OPERATIONS ABORTED!

FILE: system/engine/event.php
CODE: public function register($trigger, Action $action, $priority = 0) {
LINE: 41

FILE: system/library/template.php
CODE: public function render
LINE: 57

FILE: system/library/cache.php
CODE: public function delete($key) {
LINE: 69

FILE: admin/controller/common/header.php
CODE: public function index() {
LINE: 5

FILE: admin/controller/common/column_left.php
CODE: // Catalog
LINE: 26

FILE: admin/controller/error/permission.php
CODE: $data['breadcrumbs'] = array();
LINE: 17

FILE: admin/controller/error/not_found.php
CODE: $data['breadcrumbs'] = array();
LINE: 17

FILE: system/library/response.php
CODE: if ($this->output) {
LINE: 119

FILE: catalog/model/tool/image.php
CODE: public function resize($filename, $width, $height) {
LINE: 2
CODE: (int)$height
LINE: 10
CODE: $image->resize($width, $height);
LINE: 33
CODE: if ($this->request->server['HTTPS']) {
LINE: 47
CODE: $image->save(DIR_IMAGE . $image_new);
LINE: 41
CODE: copy(DIR_IMAGE . $image_old, DIR_IMAGE . $image_new);
LINE: 50

FILE: catalog/controller/common/footer.php
CODE: public function index() {
LINE: 19

FILE: catalog/controller/common/column_left.php
CODE: public function index() {
LINE: 7

FILE: catalog/controller/common/column_right.php
CODE: public function index() {
LINE: 7

FILE: catalog/controller/common/content_top.php
CODE: public function index() {
LINE: 7

FILE: catalog/controller/common/content_bottom.php
CODE: public function index() {
LINE: 7

FILE: catalog/controller/common/cart.php
CODE: foreach ($this->cart->getProducts() as $product) {
LINE: 62

FILE: catalog/controller/checkout/cart.php
CODE: $json['total'] = sprintf($this->language->get('text_items'), $this->cart->countProducts() + (isset($this->session->data['vouchers']) ? count($this->session->data['vouchers']) : 0), $this->currency->format($total, $this->session->data['currency']));
LINE: 378
LINE: 483

FILE: catalog/controller/account/wishlist.php
CODE: $json['success'] = sprintf($this->language->get('text_success'), $this->url->link('product/product', 'product_id=' . (int)$this->request->post['product_id']), $product_info['name'], $this->url->link('account/wishlist'));
LINE: 143
CODE: $json['success'] = sprintf($this->language->get('text_login'), $this->url->link('account/login', '', true), $this->url->link('account/register', '', true), $this->url->link('product/product', 'product_id=' . (int)$this->request->post['product_id']), $product_info['name'], $this->url->link('account/wishlist'));
LINE: 161

FILE: catalog/controller/product/compare.php
CODE: $json['success'] = sprintf($this->language->get('text_success'), $this->url->link('product/product', 'product_id=' . $this->request->post['product_id']), $product_info['name'], $this->url->link('product/compare'));
LINE: 173
CODE: $image = false;
LINE: 60
CODE: $json['success'] = sprintf($this->language->get('text_success'), $this->url->link('product/product', 'product_id=' . $this->request->post['product_id']), $product_info['name'], $this->url->link('checkout/cart'));
LINE: 329
CODE: $json['redirect'] = str_replace('&amp;', '&', $this->url->link('product/product', 'product_id=' . $this->request->post['product_id']));
LINE: 394

FILE: catalog/controller/product/catalog.php
CODE: $results = $this->model_catalog_product->getProduct
LINE: 112

FILE: catalog/controller/product/category.php
CODE: $results = $this->model_catalog_product->getProduct
LINE: 174

FILE: catalog/controller/product/manufacturer.php
CODE: $results = $this->model_catalog_product->getProduct
LINE: 165

FILE: catalog/controller/product/search.php
CODE: $results = $this->model_catalog_product->getProduct
LINE: 202

FILE: catalog/controller/product/special.php
CODE: $results = $this->model_catalog_product->getProduct
LINE: 92
CODE: $data['products'][] = array(
LINE: 162
CODE: $data['products'][] = array(
LINE: 224
CODE: $data['products'][] = array(
LINE: 215
CODE: $data['products'][] = array(
LINE: 252
CODE: $data['products'][] = array(
LINE: 142
CODE: $data['products'][] = array(
LINE: 178
CODE: $data['products'][] = array(
LINE: 240
CODE: $data['products'][] = array(
LINE: 231
CODE: $data['products'][] = array(
LINE: 268
CODE: $data['products'][] = array(
LINE: 158
CODE: $data['products'][$product_id] = array(
LINE: 101
CODE: $data['thumb'] = $this->model_tool_image->resize($category_info['image'], $this->config->get($this->config->get('config_theme') . '_image_category_width'), $this->config->get($this->config->get('config_theme') . '_image_category_height'));
NOT FOUND - OPERATIONS ABORTED!
CODE: $data['thumb'] = $this->model_tool_image->resize($category_info['image'], $this->config->get('theme_' . $this->config->get('config_theme') . '_image_category_width'), $this->config->get('theme_' . $this->config->get('config_theme') . '_image_category_height'));
LINE: 107
CODE: $image = $this->model_tool_image->resize($result['image'], $this->config->get($this->config->get('config_theme') . '_image_product_width'), $this->config->get($this->config->get('config_theme') . '_image_product_height'));
NOT FOUND - OPERATIONS ABORTED!
CODE: $image = $this->model_tool_image->resize($result['image'], $this->config->get($this->config->get('config_theme') . '_image_product_width'), $this->config->get($this->config->get('config_theme') . '_image_product_height'));
NOT FOUND - OPERATIONS ABORTED!
CODE: $image = $this->model_tool_image->resize($result['image'], $this->config->get($this->config->get('config_theme') . '_image_product_width'), $this->config->get($this->config->get('config_theme') . '_image_product_height'));
NOT FOUND - OPERATIONS ABORTED!
CODE: $image = $this->model_tool_image->resize($result['image'], $this->config->get($this->config->get('config_theme') . '_image_product_width'), $this->config->get($this->config->get('config_theme') . '_image_product_height'));
NOT FOUND - OPERATIONS ABORTED!
CODE: $image = $this->model_tool_image->resize($result['image'], $this->config->get('theme_' . $this->config->get('config_theme') . '_image_product_width'), $this->config->get('theme_' . $this->config->get('config_theme') . '_image_product_height'));
LINE: 183
CODE: $image = $this->model_tool_image->resize($result['image'], $this->config->get('theme_' . $this->config->get('config_theme') . '_image_product_width'), $this->config->get('theme_' . $this->config->get('config_theme') . '_image_product_height'));
LINE: 169
CODE: $image = $this->model_tool_image->resize($result['image'], $this->config->get('theme_' . $this->config->get('config_theme') . '_image_product_width'), $this->config->get('theme_' . $this->config->get('config_theme') . '_image_product_height'));
LINE: 206
CODE: $image = $this->model_tool_image->resize($result['image'], $this->config->get('theme_' . $this->config->get('config_theme') . '_image_product_width'), $this->config->get('theme_' . $this->config->get('config_theme') . '_image_product_height'));
LINE: 96
CODE: $results = $this->model_catalog_category->getCategories($category_id);
LINE: 140
CODE: $this->load->model('tool/image');
LINE: 12
CODE: 'name' => $result['name'] . ($this->config->get('config_product_count') ? ' (' . $this->model_catalog_product->getTotalProducts($filter_data) . ')' : ''),
LINE: 164
CODE: $data['text_compare'] = sprintf($this->language->get('text_compare'), (isset($this->session->data['compare']) ? count($this->session->data['compare']) : 0));
LINE: 49
CODE: $data['text_compare'] = sprintf($this->language->get('text_compare'), (isset($this->session->data['compare']) ? count($this->session->data['compare']) : 0));
LINE: 101
CODE: $data['text_compare'] = sprintf($this->language->get('text_compare'), (isset($this->session->data['compare']) ? count($this->session->data['compare']) : 0));
LINE: 137
CODE: $data['text_compare'] = sprintf($this->language->get('text_compare'), (isset($this->session->data['compare']) ? count($this->session->data['compare']) : 0));
LINE: 131
CODE: $data['text_compare'] = sprintf($this->language->get('text_compare'), (isset($this->session->data['compare']) ? count($this->session->data['compare']) : 0));
LINE: 65
CODE: $json['total'] = sprintf($this->language->get('text_compare'), (isset($this->session->data['compare']) ? count($this->session->data['compare']) : 0));
LINE: 183

FILE: catalog/controller/product/product.php
CODE: public function index() {
LINE: 17
CODE: $results = $this->model_catalog_product->getProductImages
LINE: 299
CODE: if ($product_info) {
LINE: 275
CODE: $data['review_status'] = $this->config->get('config_review_status');
LINE: 487
CODE: 'image'                   => $this->model_tool_image->resize($option_value['image'], 50, 50),
LINE: 456
CODE: $this->load->model('tool/image');
LINE: 12
LINE: 73
CODE: $data['categories'][$key]['manufacturer'][] = array(
LINE: 46
CODE: $image = false;
LINE: 64
CODE: 'stock'      => $stock,
LINE: 100

FILE: catalog/controller/checkout/checkout.php
CODE: $data['breadcrumbs'] = array();
LINE: 44
CODE: $output = $action->execute($this->registry, array(&$data));
LINE: 47
CODE: echo $output;
LINE: 133

FILE: system/library/db.php
CODE: private $adaptor;
LINE: 17
CODE: return $this->adaptor->query($sql);
LINE: 48
CODE: return $this->adaptor->query($sql, $params);
NOT FOUND - OPERATIONS ABORTED!

FILE: catalog/controller/common/search.php
CODE: public function index() {
LINE: 45

FILE: catalog/controller/common/header.php
CODE: $categories = $this->model_catalog_category->getCategories(0);
NOT FOUND - OPERATIONS ABORTED!

FILE: catalog/controller/common/menu.php
CODE: $categories = $this->model_catalog_category->getCategories(0);
LINE: 12
CODE: foreach ($this->model_catalog_information->getInformations() as $result) {
LINE: 26
CODE: $results = $this->model_catalog_product->getProductRelated($this->request->get['product_id']);
LINE: 519
CODE: $sort = 'p.sort_order';
LINE: 15
CODE: $order = 'ASC';
LINE: 27
CODE: $sort = 'p.sort_order';
LINE: 23
CODE: $order = 'ASC';
LINE: 35
CODE: $sort = 'p.sort_order';
LINE: 87
CODE: $order = 'ASC';
LINE: 99
CODE: $sort = 'p.sort_order';
LINE: 46
CODE: $order = 'ASC';
LINE: 58
CODE: $product_total = $this->model_catalog_product->getTotalProducts($filter_data);
LINE: 114
CODE: $results = $this->model_catalog_product->getProducts($filter_data);
LINE: 128
CODE: $data['sorts'] = array();
LINE: 237
CODE: sort($limits);
LINE: 314
CODE: $pagination = new Pagination();
LINE: 343
CODE: $product_total = $this->model_catalog_product->getTotalProducts($filter_data);
LINE: 199
CODE: $results = $this->model_catalog_product->getProducts($filter_data);
LINE: 213
CODE: $data['sorts'] = array();
LINE: 330
CODE: sort($limits);
LINE: 411
CODE: $pagination = new Pagination();
LINE: 444
CODE: $product_total = $this->model_catalog_product->getTotalProducts($filter_data);
LINE: 180
CODE: $results = $this->model_catalog_product->getProducts($filter_data);
LINE: 194
CODE: $data['sorts'] = array();
LINE: 307
CODE: sort($limits);
LINE: 384
CODE: $pagination = new Pagination();
LINE: 413
CODE: $product_total = $this->model_catalog_product->getTotalProducts($filter_data);
LINE: 204
CODE: $results = $this->model_catalog_product->getProducts($filter_data);
LINE: 218
CODE: $data['sorts'] = array();
LINE: 351
CODE: sort($limits);
LINE: 448
CODE: $pagination = new Pagination();
LINE: 497
CODE: $product_total = $this->model_catalog_product->getTotalProductSpecials();
LINE: 82
CODE: $results = $this->model_catalog_product->getProductSpecials($filter_data);
LINE: 101
CODE: $data['sorts'] = array();
LINE: 214
CODE: foreach($limits as $value) {
LINE: 293
CODE: $pagination = new Pagination();
LINE: 320

FILE: system/library/pagination.php
CODE: '">' . $this->text_prev . '
LINE: 54
LINE: 56
CODE: '">' . $this->text_next . '
LINE: 93
CODE: $this->model_catalog_product->updateViewed($this->request->get['product_id']);
LINE: 590
CODE: $data['stock'] = $this->language->get('text_instock');
LINE: 364

FILE: catalog/controller/account/register.php
CODE: $data['action'] = $this->url->link('account/register', '', true);
LINE: 120
CODE: return !$this->error;
LINE: 356

FILE: catalog/controller/account/edit.php
CODE: $data['back'] = $this->url->link('account/account', '', true);
LINE: 163
CODE: return !$this->error;
LINE: 256

FILE: catalog/controller/account/address.php
CODE: $data['back'] = $this->url->link('account/address', '', true);
LINE: 430
CODE: return !$this->error;
LINE: 529
LINE: 580

FILE: catalog/controller/account/login.php
CODE: $this->response->redirect
LINE: 51
LINE: 68
LINE: 115
LINE: 129
CODE: return !$this->error;
LINE: 242
CODE: $this->response->redirect
LINE: 18
LINE: 54
CODE: return !$this->error;
LINE: 392

FILE: catalog/controller/startup/seo_url.php
CODE: if ($query->num_rows) {
LINE: 44
CODE: if ($url[0] == 'product_id') {
LINE: 58
CODE: if (!isset($this->request->get['route'])) {
LINE: 97
CODE: public function rewrite($link) {
LINE: 119
CODE: $key == 'path'
LINE: 158
CODE: if ($url) {
LINE: 187

FILE: catalog/controller/extension/feed/google_sitemap.php
CODE: $output .= '</urlset>';
LINE: 71

FILE: catalog/controller/account/order.php
CODE: $data['products'][] = array(
LINE: 279
----------------------------------------------------------------
